	Exporter version: 4.4.4, Blender version: 2.76 (sub 0)
========= Conversion from Blender to Babylon.js =========
	Scene settings used:
		selected layers only:  false
		flat shading entire scene:  false
		inline textures:  false
		texture directory:  C:\Program Files (x86)\EasyPHP-Devserver-16.1\eds-www\webgl\assets\
	Python World class constructor completed
	processing begun of mesh:  ship
		processing begun of Standard material:  NOSE_COLOR
			Ambient texture found "Ka.020"
				Image texture found, type:  ambientTexture, mapped using: "UVMap"
			Diffuse texture found "Kd.020"
				Image texture found, type:  diffuseTexture, mapped using: "UVMap"
		processing begun of Standard material:  WING_DARK_BLUE
			Ambient texture found "Ka.003"
				Image texture found, type:  ambientTexture, mapped using: "UVMap"
			Diffuse texture found "Kd.003"
				Image texture found, type:  diffuseTexture, mapped using: "UVMap"
		processing begun of Standard material:  WING_BLUE
			Ambient texture found "Ka.004"
				Image texture found, type:  ambientTexture, mapped using: "UVMap"
			Diffuse texture found "Kd.004"
				Image texture found, type:  diffuseTexture, mapped using: "UVMap"
		processing begun of Standard material:  WING_COLOR
		processing begun of Standard material:  ENGINE_HULL
			Ambient texture found "Ka"
				Image texture found, type:  ambientTexture, mapped using: "UVMap"
			Diffuse texture found "Kd"
				Image texture found, type:  diffuseTexture, mapped using: "UVMap"
		processing begun of Standard material:  HULL_GRAY
		processing begun of Standard material:  YELLOW_STRIPES
			Ambient texture found "Ka.012"
				Image texture found, type:  ambientTexture, mapped using: "UVMap"
			Diffuse texture found "Kd.012"
				Image texture found, type:  diffuseTexture, mapped using: "UVMap"
		processing begun of Standard material:  hand_l
		processing begun of Standard material:  WING_RIGHT
			Ambient texture found "Ka.001"
				Image texture found, type:  ambientTexture, mapped using: "UVMap"
			Diffuse texture found "Kd.001"
				Image texture found, type:  diffuseTexture, mapped using: "UVMap"
		processing begun of Standard material:  COCKPIT_COLOR
			Ambient texture found "Ka.019"
				Image texture found, type:  ambientTexture, mapped using: "UVMap"
			Diffuse texture found "Kd.019"
				Image texture found, type:  diffuseTexture, mapped using: "UVMap"
		processing begun of Standard material:  HULL_BLUE
			Ambient texture found "Ka.007"
				Image texture found, type:  ambientTexture, mapped using: "UVMap"
			Diffuse texture found "Kd.007"
				Image texture found, type:  diffuseTexture, mapped using: "UVMap"
		processing begun of Standard material:  ENGINE_DIRT
			Ambient texture found "Ka.013"
				Image texture found, type:  ambientTexture, mapped using: "UVMap"
			Diffuse texture found "Kd.013"
				Image texture found, type:  diffuseTexture, mapped using: "UVMap"
		processing begun of Standard material:  WING_LEFT
			Ambient texture found "Ka.002"
				Image texture found, type:  ambientTexture, mapped using: "UVMap"
			Diffuse texture found "Kd.002"
				Image texture found, type:  diffuseTexture, mapped using: "UVMap"
		processing begun of Standard material:  DARK_GRAY
		processing begun of Standard material:  ENGINE_BLUE
			Ambient texture found "Ka.014"
				Image texture found, type:  ambientTexture, mapped using: "UVMap"
			Diffuse texture found "Kd.014"
				Image texture found, type:  diffuseTexture, mapped using: "UVMap"
		processing begun of Standard material:  chest
		processing begun of Standard material:  HULL_BODY
			Ambient texture found "Ka.009"
				Image texture found, type:  ambientTexture, mapped using: "UVMap"
			Diffuse texture found "Kd.009"
				Image texture found, type:  diffuseTexture, mapped using: "UVMap"
		processing begun of Standard material:  BLACK_GLASS
		processing begun of Standard material:  wrist_l
		processing begun of Standard material:  ENGINE_GRAY
		processing begun of Standard material:  HULL_TOP
			Ambient texture found "Ka.008"
				Image texture found, type:  ambientTexture, mapped using: "UVMap"
			Diffuse texture found "Kd.008"
				Image texture found, type:  diffuseTexture, mapped using: "UVMap"
		processing begun of Standard material:  ENGINE_GLOW
		processing begun of Standard material:  arm_r
		processing begun of Standard material:  BROWN_GLOW
		processing begun of Standard material:  visor
		processing begun of Standard material:  SIDE_GRAY
		processing begun of Standard material:  wrist_r
		processing begun of Standard material:  HULL_SIDE_BACK
			Ambient texture found "Ka.011"
				Image texture found, type:  ambientTexture, mapped using: "UVMap"
			Diffuse texture found "Kd.011"
				Image texture found, type:  diffuseTexture, mapped using: "UVMap"
		processing begun of Standard material:  GUNS_GRAY
		processing begun of Standard material:  SIDE_DETAIL
			Ambient texture found "Ka.016"
				Image texture found, type:  ambientTexture, mapped using: "UVMap"
			Diffuse texture found "Kd.016"
				Image texture found, type:  diffuseTexture, mapped using: "UVMap"
		processing begun of Standard material:  HELMET_BLUE
		processing begun of Standard material:  HELMET_GRAY
		processing begun of Standard material:  SIDE_DIRTY_HULL
			Ambient texture found "Ka.015"
				Image texture found, type:  ambientTexture, mapped using: "UVMap"
			Diffuse texture found "Kd.015"
				Image texture found, type:  diffuseTexture, mapped using: "UVMap"
		processing begun of Standard material:  HELMET_RED
		processing begun of Standard material:  hand_r
		processing begun of Standard material:  TOP_COLOR
			Ambient texture found "Ka.010"
				Image texture found, type:  ambientTexture, mapped using: "UVMap"
			Diffuse texture found "Kd.010"
				Image texture found, type:  diffuseTexture, mapped using: "UVMap"
		processing begun of Standard material:  HULL_SIDE_FRONT
			Ambient texture found "Ka.006"
				Image texture found, type:  ambientTexture, mapped using: "UVMap"
			Diffuse texture found "Kd.006"
				Image texture found, type:  diffuseTexture, mapped using: "UVMap"
		processing begun of Standard material:  DIRTY_HULL
			Ambient texture found "Ka.017"
				Image texture found, type:  ambientTexture, mapped using: "UVMap"
			Diffuse texture found "Kd.017"
				Image texture found, type:  diffuseTexture, mapped using: "UVMap"
		processing begun of Standard material:  arm_l
		processing begun of Standard material:  SKIN
			Ambient texture found "Ka.005"
				Image texture found, type:  ambientTexture, mapped using: "UVMap"
			Diffuse texture found "Kd.005"
				Image texture found, type:  diffuseTexture, mapped using: "UVMap"
		processing begun of Standard material:  COCKPIT_DETAIL
			Ambient texture found "Ka.018"
				Image texture found, type:  ambientTexture, mapped using: "UVMap"
			Diffuse texture found "Kd.018"
				Image texture found, type:  diffuseTexture, mapped using: "UVMap"
		processing begun of Standard material:  VERY_DARK_GRAY
		processing begun of Standard material:  hips
		processing begun of multimaterial:  ship.Multimaterial#0
		num positions      :  14580
		num normals        :  14580
		num uvs            :  29160
		num uvs2           :  0
		num colors         :  0
		num indices        :  69723
	processing begun of camera (FreeCamera):  Camera
	processing begun of light (POINT):  Lamp
========= Writing of scene file started =========
========= Writing of scene file completed =========
========= end of processing =========
elapsed time:  0 min, 0.8838 secs
