	Exporter version: 4.4.4, Blender version: 2.76 (sub 0)
========= Conversion from Blender to Babylon.js =========
	Scene settings used:
		selected layers only:  false
		flat shading entire scene:  false
		inline textures:  false
		texture directory:  C:\Program Files (x86)\EasyPHP-Devserver-16.1\eds-www\graphicsProject\assets\
	Python World class constructor completed
	processing begun of mesh:  ship
		processing begun of Standard material:  _Color_002_1
		processing begun of Standard material:  _Black_1
		processing begun of Standard material:  M_0056_Yellow
		processing begun of Standard material:  FrontColor
		processing begun of Standard material:  _28
			Diffuse texture found "Kd.003"
				Image texture found, type:  diffuseTexture, mapped using: "UVMap"
		processing begun of Standard material:  _CoolGray8_
		processing begun of Standard material:  Sophie_Shirt_Blue
		processing begun of Standard material:  Blinds_Vertical_Stripe_Gray
			Diffuse texture found "Kd.004"
				Image texture found, type:  diffuseTexture, mapped using: "UVMap"
		processing begun of Standard material:  Color_G06
		processing begun of Standard material:  _Color_008_1
		processing begun of Standard material:  _7
		processing begun of Standard material:  _Beige_1
		processing begun of Standard material:  Color_K03
		processing begun of Standard material:  M_0081_CadetBlue
		processing begun of Standard material:  _auto_
		processing begun of Standard material:  M_0135_DarkGray
		processing begun of Standard material:  Color_G03
		processing begun of Standard material:  black
		processing begun of Standard material:  M_96_96_96
		processing begun of Standard material:  Color_C02
		processing begun of Standard material:  _0135_DarkGray_3
		processing begun of Standard material:  M_0024_OrangeRed
		processing begun of Standard material:  _Color_E07_1
		processing begun of Standard material:  _Color_007_1
		processing begun of Standard material:  _Metal_Corrogated_Shiny_2
			Diffuse texture found "Kd.001"
				Image texture found, type:  diffuseTexture, mapped using: "UVMap"
		processing begun of Standard material:  _Metal_floor_
			Diffuse texture found "Kd"
				Image texture found, type:  diffuseTexture, mapped using: "UVMap"
		processing begun of Standard material:  JointBlue
		processing begun of Standard material:  _10
		processing begun of Standard material:  _LightGray_1
		processing begun of Standard material:  _Gold_1
		processing begun of Standard material:  Color_E25
		processing begun of Standard material:  Color_I02
		processing begun of Standard material:  _Color_A15_1
		processing begun of Standard material:  Metal_Steel_Textured_White
			Diffuse texture found "Kd.002"
				Image texture found, type:  diffuseTexture, mapped using: "UVMap"
		processing begun of Standard material:  M_0020_Red
		processing begun of Standard material:  _Color_009_1
		processing begun of Standard material:  Kleuren_in_model_7
		processing begun of Standard material:  _Color_I01_3
		processing begun of Standard material:  Color_C20
		processing begun of Standard material:  _1
		processing begun of Standard material:  _Charcoal_
		processing begun of Standard material:  _Charcoal_1
		processing begun of multimaterial:  starship.Multimaterial#0
		num positions      :  26222
		num normals        :  26222
		num uvs            :  52444
		num uvs2           :  0
		num colors         :  0
		num indices        :  30342
	processing begun of camera (FreeCamera):  Camera
	processing begun of light (POINT):  Lamp
========= Writing of scene file started =========
========= Writing of scene file completed =========
========= end of processing =========
elapsed time:  0 min, 0.5735 secs
